TN:
SF:src/App.tsx
FN:68,App
FN:96,(anonymous_1)
FN:97,(anonymous_2)
FN:103,(anonymous_3)
FN:112,(anonymous_4)
FN:124,(anonymous_5)
FN:130,(anonymous_6)
FN:132,(anonymous_7)
FN:139,(anonymous_8)
FN:142,(anonymous_9)
FN:145,(anonymous_10)
FN:153,(anonymous_11)
FN:159,(anonymous_12)
FN:166,(anonymous_13)
FN:167,(anonymous_14)
FN:179,(anonymous_15)
FN:190,(anonymous_16)
FN:197,(anonymous_17)
FN:200,(anonymous_18)
FN:207,(anonymous_19)
FN:222,(anonymous_20)
FN:229,(anonymous_21)
FN:232,(anonymous_22)
FN:242,(anonymous_23)
FN:249,(anonymous_24)
FN:252,(anonymous_25)
FN:261,(anonymous_26)
FN:271,(anonymous_27)
FN:278,(anonymous_28)
FN:287,(anonymous_29)
FN:288,(anonymous_30)
FN:298,(anonymous_31)
FN:299,(anonymous_32)
FN:309,(anonymous_33)
FN:315,(anonymous_34)
FN:328,(anonymous_35)
FN:333,(anonymous_36)
FN:334,(anonymous_37)
FN:343,(anonymous_38)
FN:344,(anonymous_39)
FN:353,(anonymous_40)
FN:358,(anonymous_41)
FN:370,(anonymous_42)
FN:385,(anonymous_43)
FN:394,(anonymous_44)
FN:395,(anonymous_45)
FN:401,(anonymous_46)
FN:402,(anonymous_47)
FN:412,(anonymous_48)
FN:420,(anonymous_49)
FN:421,(anonymous_50)
FN:434,(anonymous_51)
FN:472,(anonymous_52)
FN:496,(anonymous_53)
FN:508,(anonymous_54)
FN:519,(anonymous_55)
FN:569,(anonymous_56)
FN:589,(anonymous_57)
FN:589,(anonymous_58)
FN:629,(anonymous_59)
FN:632,(anonymous_60)
FN:725,(anonymous_61)
FN:735,(anonymous_62)
FN:763,(anonymous_63)
FN:788,(anonymous_64)
FN:893,(anonymous_65)
FN:893,(anonymous_66)
FN:942,(anonymous_67)
FNF:68
FNH:0
FNDA:0,App
FNDA:0,(anonymous_1)
FNDA:0,(anonymous_2)
FNDA:0,(anonymous_3)
FNDA:0,(anonymous_4)
FNDA:0,(anonymous_5)
FNDA:0,(anonymous_6)
FNDA:0,(anonymous_7)
FNDA:0,(anonymous_8)
FNDA:0,(anonymous_9)
FNDA:0,(anonymous_10)
FNDA:0,(anonymous_11)
FNDA:0,(anonymous_12)
FNDA:0,(anonymous_13)
FNDA:0,(anonymous_14)
FNDA:0,(anonymous_15)
FNDA:0,(anonymous_16)
FNDA:0,(anonymous_17)
FNDA:0,(anonymous_18)
FNDA:0,(anonymous_19)
FNDA:0,(anonymous_20)
FNDA:0,(anonymous_21)
FNDA:0,(anonymous_22)
FNDA:0,(anonymous_23)
FNDA:0,(anonymous_24)
FNDA:0,(anonymous_25)
FNDA:0,(anonymous_26)
FNDA:0,(anonymous_27)
FNDA:0,(anonymous_28)
FNDA:0,(anonymous_29)
FNDA:0,(anonymous_30)
FNDA:0,(anonymous_31)
FNDA:0,(anonymous_32)
FNDA:0,(anonymous_33)
FNDA:0,(anonymous_34)
FNDA:0,(anonymous_35)
FNDA:0,(anonymous_36)
FNDA:0,(anonymous_37)
FNDA:0,(anonymous_38)
FNDA:0,(anonymous_39)
FNDA:0,(anonymous_40)
FNDA:0,(anonymous_41)
FNDA:0,(anonymous_42)
FNDA:0,(anonymous_43)
FNDA:0,(anonymous_44)
FNDA:0,(anonymous_45)
FNDA:0,(anonymous_46)
FNDA:0,(anonymous_47)
FNDA:0,(anonymous_48)
FNDA:0,(anonymous_49)
FNDA:0,(anonymous_50)
FNDA:0,(anonymous_51)
FNDA:0,(anonymous_52)
FNDA:0,(anonymous_53)
FNDA:0,(anonymous_54)
FNDA:0,(anonymous_55)
FNDA:0,(anonymous_56)
FNDA:0,(anonymous_57)
FNDA:0,(anonymous_58)
FNDA:0,(anonymous_59)
FNDA:0,(anonymous_60)
FNDA:0,(anonymous_61)
FNDA:0,(anonymous_62)
FNDA:0,(anonymous_63)
FNDA:0,(anonymous_64)
FNDA:0,(anonymous_65)
FNDA:0,(anonymous_66)
FNDA:0,(anonymous_67)
DA:1,0
DA:2,0
DA:3,0
DA:4,0
DA:5,0
DA:6,0
DA:8,0
DA:70,0
DA:94,0
DA:96,0
DA:97,0
DA:98,0
DA:99,0
DA:102,0
DA:103,0
DA:111,0
DA:112,0
DA:115,0
DA:119,0
DA:124,0
DA:125,0
DA:129,0
DA:130,0
DA:132,0
DA:139,0
DA:140,0
DA:141,0
DA:142,0
DA:144,0
DA:145,0
DA:150,0
DA:152,0
DA:153,0
DA:159,0
DA:160,0
DA:166,0
DA:167,0
DA:168,0
DA:170,0
DA:172,0
DA:173,0
DA:176,0
DA:177,0
DA:179,0
DA:186,0
DA:189,0
DA:190,0
DA:197,0
DA:198,0
DA:200,0
DA:201,0
DA:202,0
DA:207,0
DA:218,0
DA:221,0
DA:222,0
DA:229,0
DA:230,0
DA:232,0
DA:233,0
DA:235,0
DA:238,0
DA:241,0
DA:242,0
DA:249,0
DA:250,0
DA:252,0
DA:253,0
DA:255,0
DA:259,0
DA:261,0
DA:267,0
DA:270,0
DA:271,0
DA:277,0
DA:278,0
DA:287,0
DA:288,0
DA:298,0
DA:299,0
DA:309,0
DA:310,0
DA:312,0
DA:313,0
DA:315,0
DA:316,0
DA:318,0
DA:321,0
DA:324,0
DA:326,0
DA:327,0
DA:328,0
DA:333,0
DA:334,0
DA:343,0
DA:344,0
DA:353,0
DA:354,0
DA:356,0
DA:358,0
DA:359,0
DA:361,0
DA:365,0
DA:366,0
DA:370,0
DA:378,0
DA:382,0
DA:383,0
DA:384,0
DA:385,0
DA:394,0
DA:395,0
DA:401,0
DA:402,0
DA:412,0
DA:413,0
DA:414,0
DA:420,0
DA:421,0
DA:434,0
DA:435,0
DA:436,0
DA:472,0
DA:473,0
DA:475,0
DA:476,0
DA:477,0
DA:480,0
DA:481,0
DA:482,0
DA:485,0
DA:487,0
DA:493,0
DA:496,0
DA:501,0
DA:508,0
DA:509,0
DA:510,0
DA:511,0
DA:512,0
DA:515,0
DA:516,0
DA:519,0
DA:522,0
DA:531,0
DA:532,0
DA:535,0
DA:536,0
DA:537,0
DA:538,0
DA:539,0
DA:540,0
DA:541,0
DA:542,0
DA:545,0
DA:547,0
DA:551,0
DA:553,0
DA:555,0
DA:556,0
DA:557,0
DA:558,0
DA:559,0
DA:560,0
DA:561,0
DA:562,0
DA:565,0
DA:569,0
DA:577,0
DA:589,0
DA:630,0
DA:632,0
DA:726,0
DA:735,0
DA:764,0
DA:765,0
DA:788,0
DA:893,0
DA:942,0
DA:1034,0
LF:180
LH:0
BRDA:102,0,0,0
BRDA:102,1,0,0
BRDA:102,1,1,0
BRDA:102,1,2,0
BRDA:129,2,0,0
BRDA:129,2,1,0
BRDA:129,3,0,0
BRDA:129,3,1,0
BRDA:198,4,0,0
BRDA:209,5,0,0
BRDA:209,5,1,0
BRDA:230,6,0,0
BRDA:250,7,0,0
BRDA:310,8,0,0
BRDA:310,9,0,0
BRDA:310,9,1,0
BRDA:326,10,0,0
BRDA:326,10,1,0
BRDA:354,11,0,0
BRDA:365,12,0,0
BRDA:365,12,1,0
BRDA:378,13,0,0
BRDA:378,13,1,0
BRDA:383,14,0,0
BRDA:383,14,1,0
BRDA:475,15,0,0
BRDA:480,16,0,0
BRDA:480,17,0,0
BRDA:480,17,1,0
BRDA:509,18,0,0
BRDA:531,19,0,0
BRDA:531,19,1,0
BRDA:555,20,0,0
BRDA:555,20,1,0
BRDA:557,21,0,0
BRDA:557,21,1,0
BRDA:559,22,0,0
BRDA:559,22,1,0
BRDA:561,23,0,0
BRDA:580,24,0,0
BRDA:580,24,1,0
BRDA:586,25,0,0
BRDA:586,25,1,0
BRDA:586,25,2,0
BRDA:595,26,0,0
BRDA:595,26,1,0
BRDA:596,27,0,0
BRDA:596,27,1,0
BRDA:596,28,0,0
BRDA:596,28,1,0
BRDA:602,29,0,0
BRDA:602,29,1,0
BRDA:618,30,0,0
BRDA:618,30,1,0
BRDA:624,31,0,0
BRDA:624,31,1,0
BRDA:634,32,0,0
BRDA:634,32,1,0
BRDA:641,33,0,0
BRDA:641,33,1,0
BRDA:646,34,0,0
BRDA:646,34,1,0
BRDA:654,35,0,0
BRDA:654,35,1,0
BRDA:660,36,0,0
BRDA:660,36,1,0
BRDA:668,37,0,0
BRDA:668,37,1,0
BRDA:673,38,0,0
BRDA:673,38,1,0
BRDA:695,39,0,0
BRDA:695,39,1,0
BRDA:717,40,0,0
BRDA:717,40,1,0
BRDA:721,41,0,0
BRDA:721,41,1,0
BRDA:728,42,0,0
BRDA:728,42,1,0
BRDA:731,43,0,0
BRDA:731,43,1,0
BRDA:736,44,0,0
BRDA:736,44,1,0
BRDA:737,45,0,0
BRDA:737,45,1,0
BRDA:740,46,0,0
BRDA:740,46,1,0
BRDA:754,47,0,0
BRDA:754,47,1,0
BRDA:761,48,0,0
BRDA:761,48,1,0
BRDA:785,49,0,0
BRDA:785,49,1,0
BRDA:788,50,0,0
BRDA:788,50,1,0
BRDA:814,51,0,0
BRDA:814,51,1,0
BRDA:823,52,0,0
BRDA:823,52,1,0
BRDA:847,53,0,0
BRDA:847,53,1,0
BRDA:849,54,0,0
BRDA:849,54,1,0
BRDA:853,55,0,0
BRDA:853,55,1,0
BRDA:855,56,0,0
BRDA:855,56,1,0
BRDA:859,57,0,0
BRDA:859,57,1,0
BRDA:861,58,0,0
BRDA:861,58,1,0
BRDA:869,59,0,0
BRDA:869,59,1,0
BRDA:870,60,0,0
BRDA:870,60,1,0
BRDA:873,61,0,0
BRDA:873,61,1,0
BRDA:874,62,0,0
BRDA:874,62,1,0
BRDA:876,63,0,0
BRDA:876,63,1,0
BRDA:877,64,0,0
BRDA:877,64,1,0
BRDA:882,65,0,0
BRDA:882,65,1,0
BRDA:890,66,0,0
BRDA:890,66,1,0
BRDA:890,66,2,0
BRDA:899,67,0,0
BRDA:899,67,1,0
BRDA:900,68,0,0
BRDA:900,68,1,0
BRDA:900,69,0,0
BRDA:900,69,1,0
BRDA:913,70,0,0
BRDA:913,70,1,0
BRDA:916,71,0,0
BRDA:916,71,1,0
BRDA:934,72,0,0
BRDA:934,72,1,0
BRDA:942,73,0,0
BRDA:942,73,1,0
BRDA:946,74,0,0
BRDA:946,74,1,0
BRDA:958,75,0,0
BRDA:958,75,1,0
BRDA:995,76,0,0
BRDA:995,76,1,0
BRF:147
BRH:0
end_of_record
TN:
SF:src/ChatPanel.tsx
FN:14,(anonymous_0)
FN:18,(anonymous_1)
FN:19,(anonymous_2)
FN:77,(anonymous_3)
FN:146,ChatPanel
FN:202,(anonymous_5)
FN:220,(anonymous_6)
FN:226,(anonymous_7)
FN:232,(anonymous_8)
FN:239,(anonymous_9)
FN:245,(anonymous_10)
FN:258,(anonymous_11)
FN:262,(anonymous_12)
FN:267,(anonymous_13)
FN:283,(anonymous_14)
FN:296,(anonymous_15)
FN:305,(anonymous_16)
FN:318,(anonymous_17)
FN:336,(anonymous_18)
FN:355,(anonymous_19)
FN:359,(anonymous_20)
FN:360,(anonymous_21)
FN:369,(anonymous_22)
FN:394,(anonymous_23)
FN:404,(anonymous_24)
FN:404,(anonymous_25)
FN:412,(anonymous_26)
FN:430,(anonymous_27)
FN:440,(anonymous_28)
FN:451,(anonymous_29)
FN:478,(anonymous_30)
FN:492,(anonymous_31)
FN:508,(anonymous_32)
FN:517,(anonymous_33)
FN:518,(anonymous_34)
FN:521,(anonymous_35)
FN:523,(anonymous_36)
FN:532,(anonymous_37)
FN:538,(anonymous_38)
FN:561,(anonymous_39)
FN:604,(anonymous_40)
FN:617,(anonymous_41)
FN:638,(anonymous_42)
FN:643,(anonymous_43)
FN:746,(anonymous_44)
FN:761,(anonymous_45)
FN:771,(anonymous_46)
FN:802,(anonymous_47)
FN:803,(anonymous_48)
FN:816,(anonymous_49)
FN:825,(anonymous_50)
FN:836,(anonymous_51)
FN:841,(anonymous_52)
FN:842,(anonymous_53)
FN:859,(anonymous_54)
FN:860,(anonymous_55)
FN:862,(anonymous_56)
FN:863,(anonymous_57)
FN:878,(anonymous_58)
FN:888,(anonymous_59)
FN:893,(anonymous_60)
FN:894,(anonymous_61)
FN:896,(anonymous_62)
FN:897,(anonymous_63)
FN:907,(anonymous_64)
FN:911,(anonymous_65)
FN:912,(anonymous_66)
FN:929,(anonymous_67)
FN:930,(anonymous_68)
FN:932,(anonymous_69)
FN:933,(anonymous_70)
FN:948,(anonymous_71)
FN:958,(anonymous_72)
FN:963,(anonymous_73)
FN:964,(anonymous_74)
FN:966,(anonymous_75)
FN:967,(anonymous_76)
FN:978,(anonymous_77)
FN:979,(anonymous_78)
FN:988,(anonymous_79)
FN:999,(anonymous_80)
FN:1000,(anonymous_81)
FN:1009,(anonymous_82)
FN:1019,(anonymous_83)
FN:1021,(anonymous_84)
FN:1022,(anonymous_85)
FN:1034,(anonymous_86)
FN:1043,(anonymous_87)
FN:1050,(anonymous_88)
FN:1058,(anonymous_89)
FN:1070,(anonymous_90)
FN:1075,(anonymous_91)
FN:1082,(anonymous_92)
FN:1083,(anonymous_93)
FN:1104,(anonymous_94)
FN:1136,(anonymous_95)
FN:1175,(anonymous_96)
FN:1181,(anonymous_97)
FN:1187,(anonymous_98)
FN:1213,(anonymous_99)
FN:1249,(anonymous_100)
FN:1250,(anonymous_101)
FN:1308,(anonymous_102)
FNF:103
FNH:0
FNDA:0,(anonymous_0)
FNDA:0,(anonymous_1)
FNDA:0,(anonymous_2)
FNDA:0,(anonymous_3)
FNDA:0,ChatPanel
FNDA:0,(anonymous_5)
FNDA:0,(anonymous_6)
FNDA:0,(anonymous_7)
FNDA:0,(anonymous_8)
FNDA:0,(anonymous_9)
FNDA:0,(anonymous_10)
FNDA:0,(anonymous_11)
FNDA:0,(anonymous_12)
FNDA:0,(anonymous_13)
FNDA:0,(anonymous_14)
FNDA:0,(anonymous_15)
FNDA:0,(anonymous_16)
FNDA:0,(anonymous_17)
FNDA:0,(anonymous_18)
FNDA:0,(anonymous_19)
FNDA:0,(anonymous_20)
FNDA:0,(anonymous_21)
FNDA:0,(anonymous_22)
FNDA:0,(anonymous_23)
FNDA:0,(anonymous_24)
FNDA:0,(anonymous_25)
FNDA:0,(anonymous_26)
FNDA:0,(anonymous_27)
FNDA:0,(anonymous_28)
FNDA:0,(anonymous_29)
FNDA:0,(anonymous_30)
FNDA:0,(anonymous_31)
FNDA:0,(anonymous_32)
FNDA:0,(anonymous_33)
FNDA:0,(anonymous_34)
FNDA:0,(anonymous_35)
FNDA:0,(anonymous_36)
FNDA:0,(anonymous_37)
FNDA:0,(anonymous_38)
FNDA:0,(anonymous_39)
FNDA:0,(anonymous_40)
FNDA:0,(anonymous_41)
FNDA:0,(anonymous_42)
FNDA:0,(anonymous_43)
FNDA:0,(anonymous_44)
FNDA:0,(anonymous_45)
FNDA:0,(anonymous_46)
FNDA:0,(anonymous_47)
FNDA:0,(anonymous_48)
FNDA:0,(anonymous_49)
FNDA:0,(anonymous_50)
FNDA:0,(anonymous_51)
FNDA:0,(anonymous_52)
FNDA:0,(anonymous_53)
FNDA:0,(anonymous_54)
FNDA:0,(anonymous_55)
FNDA:0,(anonymous_56)
FNDA:0,(anonymous_57)
FNDA:0,(anonymous_58)
FNDA:0,(anonymous_59)
FNDA:0,(anonymous_60)
FNDA:0,(anonymous_61)
FNDA:0,(anonymous_62)
FNDA:0,(anonymous_63)
FNDA:0,(anonymous_64)
FNDA:0,(anonymous_65)
FNDA:0,(anonymous_66)
FNDA:0,(anonymous_67)
FNDA:0,(anonymous_68)
FNDA:0,(anonymous_69)
FNDA:0,(anonymous_70)
FNDA:0,(anonymous_71)
FNDA:0,(anonymous_72)
FNDA:0,(anonymous_73)
FNDA:0,(anonymous_74)
FNDA:0,(anonymous_75)
FNDA:0,(anonymous_76)
FNDA:0,(anonymous_77)
FNDA:0,(anonymous_78)
FNDA:0,(anonymous_79)
FNDA:0,(anonymous_80)
FNDA:0,(anonymous_81)
FNDA:0,(anonymous_82)
FNDA:0,(anonymous_83)
FNDA:0,(anonymous_84)
FNDA:0,(anonymous_85)
FNDA:0,(anonymous_86)
FNDA:0,(anonymous_87)
FNDA:0,(anonymous_88)
FNDA:0,(anonymous_89)
FNDA:0,(anonymous_90)
FNDA:0,(anonymous_91)
FNDA:0,(anonymous_92)
FNDA:0,(anonymous_93)
FNDA:0,(anonymous_94)
FNDA:0,(anonymous_95)
FNDA:0,(anonymous_96)
FNDA:0,(anonymous_97)
FNDA:0,(anonymous_98)
FNDA:0,(anonymous_99)
FNDA:0,(anonymous_100)
FNDA:0,(anonymous_101)
FNDA:0,(anonymous_102)
DA:1,0
DA:2,0
DA:3,0
DA:4,0
DA:5,0
DA:6,0
DA:7,0
DA:8,0
DA:9,0
DA:11,0
DA:14,0
DA:15,0
DA:16,0
DA:18,0
DA:19,0
DA:20,0
DA:22,0
DA:23,0
DA:26,0
DA:29,0
DA:32,0
DA:40,0
DA:42,0
DA:43,0
DA:44,0
DA:47,0
DA:48,0
DA:49,0
DA:53,0
DA:58,0
DA:61,0
DA:77,0
DA:146,0
DA:155,0
DA:156,0
DA:157,0
DA:158,0
DA:159,0
DA:160,0
DA:161,0
DA:162,0
DA:163,0
DA:164,0
DA:165,0
DA:166,0
DA:170,0
DA:193,0
DA:196,0
DA:197,0
DA:198,0
DA:199,0
DA:201,0
DA:204,0
DA:207,0
DA:208,0
DA:209,0
DA:210,0
DA:214,0
DA:215,0
DA:216,0
DA:217,0
DA:220,0
DA:221,0
DA:222,0
DA:227,0
DA:228,0
DA:229,0
DA:230,0
DA:233,0
DA:234,0
DA:235,0
DA:236,0
DA:240,0
DA:241,0
DA:242,0
DA:247,0
DA:248,0
DA:249,0
DA:251,0
DA:252,0
DA:258,0
DA:259,0
DA:262,0
DA:263,0
DA:267,0
DA:268,0
DA:269,0
DA:270,0
DA:271,0
DA:272,0
DA:273,0
DA:275,0
DA:278,0
DA:283,0
DA:284,0
DA:285,0
DA:286,0
DA:287,0
DA:288,0
DA:292,0
DA:293,0
DA:296,0
DA:297,0
DA:298,0
DA:300,0
DA:301,0
DA:303,0
DA:305,0
DA:306,0
DA:316,0
DA:318,0
DA:320,0
DA:321,0
DA:323,0
DA:327,0
DA:328,0
DA:331,0
DA:335,0
DA:336,0
DA:338,0
DA:339,0
DA:342,0
DA:345,0
DA:347,0
DA:350,0
DA:351,0
DA:355,0
DA:359,0
DA:360,0
DA:361,0
DA:362,0
DA:363,0
DA:369,0
DA:370,0
DA:372,0
DA:374,0
DA:376,0
DA:377,0
DA:381,0
DA:382,0
DA:383,0
DA:387,0
DA:390,0
DA:391,0
DA:394,0
DA:395,0
DA:396,0
DA:404,0
DA:406,0
DA:408,0
DA:411,0
DA:412,0
DA:413,0
DA:416,0
DA:417,0
DA:419,0
DA:420,0
DA:423,0
DA:424,0
DA:425,0
DA:429,0
DA:430,0
DA:431,0
DA:433,0
DA:440,0
DA:441,0
DA:443,0
DA:451,0
DA:452,0
DA:454,0
DA:455,0
DA:458,0
DA:459,0
DA:462,0
DA:465,0
DA:467,0
DA:470,0
DA:478,0
DA:481,0
DA:482,0
DA:484,0
DA:492,0
DA:497,0
DA:502,0
DA:503,0
DA:508,0
DA:509,0
DA:512,0
DA:517,0
DA:518,0
DA:519,0
DA:521,0
DA:522,0
DA:523,0
DA:524,0
DA:525,0
DA:530,0
DA:532,0
DA:533,0
DA:538,0
DA:539,0
DA:542,0
DA:544,0
DA:545,0
DA:546,0
DA:549,0
DA:550,0
DA:551,0
DA:554,0
DA:561,0
DA:562,0
DA:565,0
DA:566,0
DA:569,0
DA:572,0
DA:575,0
DA:580,0
DA:581,0
DA:582,0
DA:585,0
DA:590,0
DA:591,0
DA:592,0
DA:593,0
DA:595,0
DA:596,0
DA:597,0
DA:599,0
DA:601,0
DA:604,0
DA:605,0
DA:606,0
DA:613,0
DA:615,0
DA:617,0
DA:618,0
DA:620,0
DA:625,0
DA:628,0
DA:629,0
DA:630,0
DA:633,0
DA:638,0
DA:643,0
DA:644,0
DA:646,0
DA:647,0
DA:648,0
DA:651,0
DA:653,0
DA:655,0
DA:656,0
DA:657,0
DA:661,0
DA:667,0
DA:668,0
DA:671,0
DA:672,0
DA:674,0
DA:676,0
DA:677,0
DA:679,0
DA:680,0
DA:681,0
DA:684,0
DA:685,0
DA:686,0
DA:689,0
DA:690,0
DA:691,0
DA:693,0
DA:694,0
DA:695,0
DA:698,0
DA:701,0
DA:703,0
DA:704,0
DA:707,0
DA:708,0
DA:712,0
DA:713,0
DA:716,0
DA:721,0
DA:723,0
DA:726,0
DA:729,0
DA:731,0
DA:732,0
DA:733,0
DA:734,0
DA:737,0
DA:742,0
DA:743,0
DA:746,0
DA:747,0
DA:748,0
DA:750,0
DA:753,0
DA:756,0
DA:761,0
DA:762,0
DA:764,0
DA:765,0
DA:766,0
DA:771,0
DA:772,0
DA:775,0
DA:777,0
DA:780,0
DA:782,0
DA:783,0
DA:786,0
DA:789,0
DA:790,0
DA:791,0
DA:793,0
DA:794,0
DA:796,0
DA:799,0
DA:802,0
DA:803,0
DA:805,0
DA:806,0
DA:807,0
DA:809,0
DA:811,0
DA:816,0
DA:817,0
DA:820,0
DA:825,0
DA:826,0
DA:830,0
DA:831,0
DA:836,0
DA:837,0
DA:841,0
DA:842,0
DA:845,0
DA:846,0
DA:848,0
DA:851,0
DA:856,0
DA:857,0
DA:859,0
DA:860,0
DA:862,0
DA:865,0
DA:871,0
DA:873,0
DA:878,0
DA:881,0
DA:883,0
DA:888,0
DA:892,0
DA:893,0
DA:894,0
DA:896,0
DA:899,0
DA:907,0
DA:908,0
DA:911,0
DA:912,0
DA:915,0
DA:916,0
DA:918,0
DA:921,0
DA:926,0
DA:927,0
DA:929,0
DA:930,0
DA:932,0
DA:935,0
DA:941,0
DA:943,0
DA:948,0
DA:951,0
DA:953,0
DA:958,0
DA:962,0
DA:963,0
DA:964,0
DA:966,0
DA:969,0
DA:978,0
DA:979,0
DA:981,0
DA:984,0
DA:985,0
DA:986,0
DA:988,0
DA:990,0
DA:995,0
DA:999,0
DA:1000,0
DA:1002,0
DA:1005,0
DA:1006,0
DA:1007,0
DA:1009,0
DA:1011,0
DA:1016,0
DA:1019,0
DA:1020,0
DA:1021,0
DA:1022,0
DA:1024,0
DA:1025,0
DA:1026,0
DA:1027,0
DA:1029,0
DA:1034,0
DA:1036,0
DA:1038,0
DA:1043,0
DA:1050,0
DA:1051,0
DA:1052,0
DA:1053,0
DA:1058,0
DA:1059,0
DA:1060,0
DA:1062,0
DA:1064,0
DA:1065,0
DA:1070,0
DA:1071,0
DA:1075,0
DA:1076,0
DA:1077,0
DA:1082,0
DA:1084,0
DA:1085,0
DA:1086,0
DA:1088,0
DA:1089,0
DA:1092,0
DA:1104,0
DA:1105,0
DA:1107,0
DA:1109,0
DA:1111,0
DA:1113,0
DA:1115,0
DA:1119,0
DA:1121,0
DA:1136,0
DA:1175,0
DA:1181,0
DA:1187,0
DA:1214,0
DA:1249,0
DA:1250,0
DA:1308,0
LF:453
LH:0
BRDA:20,0,0,0
BRDA:20,1,0,0
BRDA:20,1,1,0
BRDA:42,2,0,0
BRDA:48,3,0,0
BRDA:66,4,0,0
BRDA:66,4,1,0
BRDA:68,5,0,0
BRDA:68,5,1,0
BRDA:74,6,0,0
BRDA:74,6,1,0
BRDA:151,7,0,0
BRDA:207,8,0,0
BRDA:207,9,0,0
BRDA:207,9,1,0
BRDA:214,10,0,0
BRDA:234,11,0,0
BRDA:249,12,0,0
BRDA:249,12,1,0
BRDA:268,13,0,0
BRDA:268,13,1,0
BRDA:268,14,0,0
BRDA:268,14,1,0
BRDA:270,15,0,0
BRDA:270,15,1,0
BRDA:270,16,0,0
BRDA:270,16,1,0
BRDA:284,17,0,0
BRDA:284,18,0,0
BRDA:284,18,1,0
BRDA:303,19,0,0
BRDA:303,19,1,0
BRDA:303,20,0,0
BRDA:303,20,1,0
BRDA:308,21,0,0
BRDA:308,21,1,0
BRDA:311,22,0,0
BRDA:311,22,1,0
BRDA:312,23,0,0
BRDA:312,23,1,0
BRDA:316,24,0,0
BRDA:316,25,0,0
BRDA:316,25,1,0
BRDA:320,26,0,0
BRDA:320,26,1,0
BRDA:323,27,0,0
BRDA:323,27,1,0
BRDA:323,27,2,0
BRDA:327,28,0,0
BRDA:327,28,1,0
BRDA:361,29,0,0
BRDA:370,30,0,0
BRDA:374,31,0,0
BRDA:374,31,1,0
BRDA:374,31,2,0
BRDA:374,31,3,0
BRDA:374,31,4,0
BRDA:374,31,5,0
BRDA:374,31,6,0
BRDA:374,31,7,0
BRDA:390,32,0,0
BRDA:390,32,1,0
BRDA:391,33,0,0
BRDA:391,33,1,0
BRDA:395,34,0,0
BRDA:395,34,1,0
BRDA:398,35,0,0
BRDA:398,35,1,0
BRDA:399,36,0,0
BRDA:399,36,1,0
BRDA:400,37,0,0
BRDA:400,37,1,0
BRDA:402,38,0,0
BRDA:402,38,1,0
BRDA:404,39,0,0
BRDA:412,40,0,0
BRDA:412,40,1,0
BRDA:423,41,0,0
BRDA:429,42,0,0
BRDA:429,43,0,0
BRDA:429,43,1,0
BRDA:431,44,0,0
BRDA:431,44,1,0
BRDA:441,45,0,0
BRDA:441,45,1,0
BRDA:452,46,0,0
BRDA:452,47,0,0
BRDA:452,47,1,0
BRDA:454,48,0,0
BRDA:454,48,1,0
BRDA:458,49,0,0
BRDA:458,49,1,0
BRDA:481,50,0,0
BRDA:481,50,1,0
BRDA:539,51,0,0
BRDA:539,52,0,0
BRDA:539,52,1,0
BRDA:542,53,0,0
BRDA:549,54,0,0
BRDA:569,55,0,0
BRDA:569,55,1,0
BRDA:569,56,0,0
BRDA:569,56,1,0
BRDA:569,56,2,0
BRDA:569,56,3,0
BRDA:569,56,4,0
BRDA:569,56,5,0
BRDA:575,57,0,0
BRDA:575,58,0,0
BRDA:575,58,1,0
BRDA:575,58,2,0
BRDA:575,58,3,0
BRDA:575,58,4,0
BRDA:575,58,5,0
BRDA:575,58,6,0
BRDA:575,58,7,0
BRDA:580,59,0,0
BRDA:580,59,1,0
BRDA:581,60,0,0
BRDA:581,60,1,0
BRDA:591,61,0,0
BRDA:591,61,1,0
BRDA:601,62,0,0
BRDA:601,62,1,0
BRDA:604,63,0,0
BRDA:615,64,0,0
BRDA:615,64,1,0
BRDA:646,65,0,0
BRDA:655,66,0,0
BRDA:667,67,0,0
BRDA:667,67,1,0
BRDA:674,68,0,0
BRDA:674,68,1,0
BRDA:674,69,0,0
BRDA:674,69,1,0
BRDA:679,70,0,0
BRDA:698,71,0,0
BRDA:698,71,1,0
BRDA:698,72,0,0
BRDA:698,72,1,0
BRDA:701,73,0,0
BRDA:701,73,1,0
BRDA:733,74,0,0
BRDA:742,75,0,0
BRDA:747,76,0,0
BRDA:764,77,0,0
BRDA:764,78,0,0
BRDA:764,78,1,0
BRDA:777,79,0,0
BRDA:777,79,1,0
BRDA:782,80,0,0
BRDA:782,80,1,0
BRDA:782,81,0,0
BRDA:782,81,1,0
BRDA:789,82,0,0
BRDA:802,83,0,0
BRDA:802,83,1,0
BRDA:805,84,0,0
BRDA:805,84,1,0
BRDA:805,85,0,0
BRDA:805,85,1,0
BRDA:809,86,0,0
BRDA:813,87,0,0
BRDA:813,87,1,0
BRDA:822,88,0,0
BRDA:822,88,1,0
BRDA:845,89,0,0
BRDA:845,89,1,0
BRDA:845,90,0,0
BRDA:845,90,1,0
BRDA:845,90,2,0
BRDA:845,90,3,0
BRDA:856,91,0,0
BRDA:856,91,1,0
BRDA:865,92,0,0
BRDA:865,92,1,0
BRDA:865,92,2,0
BRDA:865,92,3,0
BRDA:899,93,0,0
BRDA:899,93,1,0
BRDA:899,93,2,0
BRDA:899,93,3,0
BRDA:915,94,0,0
BRDA:915,94,1,0
BRDA:915,95,0,0
BRDA:915,95,1,0
BRDA:915,95,2,0
BRDA:915,95,3,0
BRDA:926,96,0,0
BRDA:926,96,1,0
BRDA:935,97,0,0
BRDA:935,97,1,0
BRDA:935,97,2,0
BRDA:935,97,3,0
BRDA:969,98,0,0
BRDA:969,98,1,0
BRDA:969,98,2,0
BRDA:969,98,3,0
BRDA:981,99,0,0
BRDA:981,100,0,0
BRDA:981,100,1,0
BRDA:1002,101,0,0
BRDA:1002,102,0,0
BRDA:1002,102,1,0
BRDA:1021,103,0,0
BRDA:1021,103,1,0
BRDA:1024,104,0,0
BRDA:1051,105,0,0
BRDA:1051,106,0,0
BRDA:1051,106,1,0
BRDA:1060,107,0,0
BRDA:1076,108,0,0
BRDA:1084,109,0,0
BRDA:1084,109,1,0
BRDA:1085,110,0,0
BRDA:1085,110,1,0
BRDA:1088,111,0,0
BRDA:1088,112,0,0
BRDA:1088,112,1,0
BRDA:1094,113,0,0
BRDA:1094,113,1,0
BRDA:1105,114,0,0
BRDA:1105,114,1,0
BRDA:1105,114,2,0
BRDA:1105,114,3,0
BRDA:1105,114,4,0
BRDA:1124,115,0,0
BRDA:1124,115,1,0
BRDA:1124,115,2,0
BRDA:1124,115,3,0
BRDA:1124,115,4,0
BRDA:1129,116,0,0
BRDA:1129,116,1,0
BRDA:1130,117,0,0
BRDA:1130,117,1,0
BRDA:1132,118,0,0
BRDA:1132,118,1,0
BRDA:1134,119,0,0
BRDA:1134,119,1,0
BRDA:1134,119,2,0
BRDA:1148,120,0,0
BRDA:1148,120,1,0
BRDA:1156,121,0,0
BRDA:1156,121,1,0
BRDA:1166,122,0,0
BRDA:1166,122,1,0
BRDA:1216,123,0,0
BRDA:1216,123,1,0
BRDA:1216,124,0,0
BRDA:1216,124,1,0
BRDA:1218,125,0,0
BRDA:1218,125,1,0
BRDA:1231,126,0,0
BRDA:1231,126,1,0
BRDA:1240,127,0,0
BRDA:1240,127,1,0
BRDA:1240,128,0,0
BRDA:1240,128,1,0
BRDA:1240,128,2,0
BRDA:1249,129,0,0
BRDA:1249,129,1,0
BRDA:1250,130,0,0
BRDA:1250,130,1,0
BRDA:1268,131,0,0
BRDA:1268,131,1,0
BRDA:1277,132,0,0
BRDA:1277,132,1,0
BRDA:1277,132,2,0
BRDA:1287,133,0,0
BRDA:1287,133,1,0
BRDA:1287,133,2,0
BRDA:1311,134,0,0
BRDA:1311,134,1,0
BRDA:1312,135,0,0
BRDA:1312,135,1,0
BRDA:1313,136,0,0
BRDA:1313,136,1,0
BRDA:1330,137,0,0
BRDA:1330,137,1,0
BRDA:1330,137,2,0
BRDA:1334,138,0,0
BRDA:1334,138,1,0
BRDA:1334,138,2,0
BRDA:1336,139,0,0
BRDA:1336,139,1,0
BRDA:1336,140,0,0
BRDA:1336,140,1,0
BRDA:1336,140,2,0
BRDA:1342,141,0,0
BRDA:1342,141,1,0
BRF:290
BRH:0
end_of_record
TN:
SF:src/Document.tsx
FN:58,Document
FN:73,(anonymous_1)
FN:77,(anonymous_2)
FN:81,(anonymous_3)
FN:90,(anonymous_4)
FN:156,(anonymous_5)
FN:172,(anonymous_6)
FN:208,(anonymous_7)
FN:214,(anonymous_8)
FN:219,(anonymous_9)
FNF:10
FNH:0
FNDA:0,Document
FNDA:0,(anonymous_1)
FNDA:0,(anonymous_2)
FNDA:0,(anonymous_3)
FNDA:0,(anonymous_4)
FNDA:0,(anonymous_5)
FNDA:0,(anonymous_6)
FNDA:0,(anonymous_7)
FNDA:0,(anonymous_8)
FNDA:0,(anonymous_9)
DA:1,0
DA:2,0
DA:3,0
DA:54,0
DA:58,0
DA:67,0
DA:70,0
DA:72,0
DA:74,0
DA:75,0
DA:78,0
DA:79,0
DA:81,0
DA:90,0
DA:91,0
DA:94,0
DA:96,0
DA:97,0
DA:100,0
DA:102,0
DA:103,0
DA:104,0
DA:105,0
DA:108,0
DA:109,0
DA:110,0
DA:111,0
DA:112,0
DA:115,0
DA:116,0
DA:117,0
DA:118,0
DA:121,0
DA:123,0
DA:126,0
DA:127,0
DA:128,0
DA:129,0
DA:132,0
DA:133,0
DA:134,0
DA:135,0
DA:138,0
DA:139,0
DA:141,0
DA:142,0
DA:144,0
DA:146,0
DA:149,0
DA:150,0
DA:151,0
DA:154,0
DA:156,0
DA:157,0
DA:159,0
DA:162,0
DA:166,0
DA:172,0
DA:173,0
DA:176,0
DA:180,0
DA:181,0
DA:182,0
DA:185,0
DA:186,0
DA:187,0
DA:190,0
DA:191,0
DA:192,0
DA:196,0
DA:197,0
DA:198,0
DA:199,0
DA:202,0
DA:203,0
DA:208,0
DA:209,0
DA:210,0
DA:214,0
DA:215,0
DA:219,0
DA:220,0
DA:224,0
LF:83
LH:0
BRDA:54,0,0,0
BRDA:54,0,1,0
BRDA:91,1,0,0
BRDA:100,2,0,0
BRDA:100,2,1,0
BRDA:100,2,2,0
BRDA:100,2,3,0
BRDA:100,2,4,0
BRDA:100,2,5,0
BRDA:100,2,6,0
BRDA:100,2,7,0
BRDA:104,3,0,0
BRDA:104,3,1,0
BRDA:110,4,0,0
BRDA:115,5,0,0
BRDA:115,6,0,0
BRDA:115,6,1,0
BRDA:141,7,0,0
BRDA:141,7,1,0
BRDA:150,8,0,0
BRDA:150,8,1,0
BRDA:157,9,0,0
BRDA:157,9,1,0
BRDA:176,10,0,0
BRDA:176,10,1,0
BRDA:180,11,0,0
BRDA:180,12,0,0
BRDA:180,12,1,0
BRDA:185,13,0,0
BRDA:190,14,0,0
BRDA:203,15,0,0
BRDA:203,15,1,0
BRF:32
BRH:0
end_of_record
TN:
SF:src/components/InlineSuggestionCard.tsx
FN:34,(anonymous_0)
FN:48,(anonymous_1)
FN:61,(anonymous_2)
FN:74,(anonymous_3)
FN:87,(anonymous_4)
FN:93,(anonymous_5)
FN:101,(anonymous_6)
FN:120,(anonymous_7)
FN:127,(anonymous_8)
FN:135,(anonymous_9)
FN:209,(anonymous_10)
FN:216,(anonymous_11)
FN:223,(anonymous_12)
FNF:13
FNH:1
FNDA:21,(anonymous_0)
FNDA:0,(anonymous_1)
FNDA:0,(anonymous_2)
FNDA:0,(anonymous_3)
FNDA:0,(anonymous_4)
FNDA:0,(anonymous_5)
FNDA:0,(anonymous_6)
FNDA:0,(anonymous_7)
FNDA:0,(anonymous_8)
FNDA:0,(anonymous_9)
FNDA:0,(anonymous_10)
FNDA:0,(anonymous_11)
FNDA:0,(anonymous_12)
DA:1,1
DA:2,1
DA:34,1
DA:44,21
DA:45,21
DA:48,0
DA:49,0
DA:51,0
DA:53,0
DA:55,0
DA:57,0
DA:61,0
DA:62,0
DA:64,0
DA:66,0
DA:68,0
DA:70,0
DA:74,0
DA:75,0
DA:77,0
DA:79,0
DA:81,0
DA:83,0
DA:87,0
DA:88,0
DA:89,0
DA:90,0
DA:93,0
DA:94,0
DA:95,0
DA:96,0
DA:101,0
DA:102,0
DA:103,0
DA:104,0
DA:105,0
DA:107,0
DA:109,0
DA:113,0
DA:120,0
DA:128,0
DA:137,0
DA:209,0
DA:216,0
DA:223,0
DA:262,1
LF:46
LH:6
BRDA:42,0,0,21
BRDA:44,1,0,21
BRDA:44,2,0,21
BRDA:44,2,1,0
BRDA:49,3,0,0
BRDA:49,3,1,0
BRDA:49,3,2,0
BRDA:49,3,3,0
BRDA:62,4,0,0
BRDA:62,4,1,0
BRDA:62,4,2,0
BRDA:62,4,3,0
BRDA:75,5,0,0
BRDA:75,5,1,0
BRDA:75,5,2,0
BRDA:75,5,3,0
BRDA:88,6,0,0
BRDA:89,7,0,0
BRDA:94,8,0,0
BRDA:95,9,0,0
BRDA:118,10,0,0
BRDA:118,10,1,0
BRDA:120,11,0,0
BRDA:120,11,1,0
BRDA:120,12,0,0
BRDA:120,12,1,0
BRDA:134,13,0,0
BRDA:134,13,1,0
BRDA:137,14,0,0
BRDA:137,14,1,0
BRDA:143,15,0,0
BRDA:143,15,1,0
BRDA:143,15,2,0
BRDA:165,16,0,0
BRDA:165,16,1,0
BRDA:197,17,0,0
BRDA:197,17,1,0
BRDA:197,17,2,0
BRDA:199,18,0,0
BRDA:199,18,1,0
BRDA:234,19,0,0
BRDA:234,19,1,0
BRDA:234,19,2,0
BRDA:234,19,3,0
BRDA:237,20,0,0
BRDA:237,20,1,0
BRDA:246,21,0,0
BRDA:246,21,1,0
BRF:48
BRH:3
end_of_record
TN:
SF:src/components/ProcessingStages.tsx
FN:18,(anonymous_0)
FN:34,(anonymous_1)
FN:49,ProcessingStages
FN:85,(anonymous_3)
FNF:4
FNH:0
FNDA:0,(anonymous_0)
FNDA:0,(anonymous_1)
FNDA:0,ProcessingStages
FNDA:0,(anonymous_3)
DA:18,0
DA:19,0
DA:21,0
DA:23,0
DA:25,0
DA:27,0
DA:29,0
DA:34,0
DA:35,0
DA:37,0
DA:39,0
DA:41,0
DA:43,0
DA:45,0
DA:49,0
DA:54,0
DA:55,0
DA:58,0
DA:89,0
DA:90,0
DA:91,0
DA:92,0
DA:93,0
DA:94,0
DA:95,0
DA:96,0
DA:97,0
DA:99,0
DA:100,0
DA:103,0
LF:30
LH:0
BRDA:19,0,0,0
BRDA:19,0,1,0
BRDA:19,0,2,0
BRDA:19,0,3,0
BRDA:19,0,4,0
BRDA:35,1,0,0
BRDA:35,1,1,0
BRDA:35,1,2,0
BRDA:35,1,3,0
BRDA:35,1,4,0
BRDA:52,2,0,0
BRDA:54,3,0,0
BRDA:89,4,0,0
BRDA:89,4,1,0
BRDA:92,5,0,0
BRDA:92,5,1,0
BRDA:95,6,0,0
BRDA:95,6,1,0
BRDA:107,7,0,0
BRDA:107,7,1,0
BRDA:108,8,0,0
BRDA:108,8,1,0
BRDA:115,9,0,0
BRDA:115,9,1,0
BRF:24
BRH:0
end_of_record
TN:
SF:src/internal/Editor.tsx
FN:44,Editor
FN:48,(anonymous_1)
FN:54,(anonymous_2)
FN:60,(anonymous_3)
FN:66,(anonymous_4)
FNF:5
FNH:0
FNDA:0,Editor
FNDA:0,(anonymous_1)
FNDA:0,(anonymous_2)
FNDA:0,(anonymous_3)
FNDA:0,(anonymous_4)
DA:1,0
DA:2,0
DA:3,0
DA:4,0
DA:5,0
DA:6,0
DA:7,0
DA:8,0
DA:10,0
DA:44,0
DA:45,0
DA:49,0
DA:50,0
DA:54,0
DA:55,0
DA:56,0
DA:60,0
DA:61,0
DA:62,0
DA:64,0
DA:66,0
DA:67,0
DA:68,0
DA:75,0
LF:24
LH:0
BRDA:55,0,0,0
BRDA:55,1,0,0
BRDA:55,1,1,0
BRDA:61,2,0,0
BRDA:61,3,0,0
BRDA:61,3,1,0
BRDA:64,4,0,0
BRDA:67,5,0,0
BRF:8
BRH:0
end_of_record
TN:
SF:src/internal/HighlightExtension.tsx
FN:43,(anonymous_0)
FN:50,(anonymous_1)
FN:58,(anonymous_2)
FN:59,(anonymous_3)
FN:73,(anonymous_4)
FN:77,(anonymous_5)
FN:85,(anonymous_6)
FN:89,(anonymous_7)
FN:92,(anonymous_8)
FN:93,(anonymous_9)
FN:97,(anonymous_10)
FN:98,(anonymous_11)
FN:102,(anonymous_12)
FN:103,(anonymous_13)
FN:107,(anonymous_14)
FN:108,(anonymous_15)
FN:130,(anonymous_16)
FN:141,(anonymous_17)
FN:142,(anonymous_18)
FN:159,(anonymous_19)
FN:163,(anonymous_20)
FN:170,(anonymous_21)
FN:173,(anonymous_22)
FN:193,findTextInDocument
FN:207,(anonymous_24)
FN:218,(anonymous_25)
FN:224,(anonymous_26)
FN:236,(anonymous_27)
FN:255,(anonymous_28)
FN:269,(anonymous_29)
FN:299,(anonymous_30)
FN:321,replaceText
FNF:32
FNH:0
FNDA:0,(anonymous_0)
FNDA:0,(anonymous_1)
FNDA:0,(anonymous_2)
FNDA:0,(anonymous_3)
FNDA:0,(anonymous_4)
FNDA:0,(anonymous_5)
FNDA:0,(anonymous_6)
FNDA:0,(anonymous_7)
FNDA:0,(anonymous_8)
FNDA:0,(anonymous_9)
FNDA:0,(anonymous_10)
FNDA:0,(anonymous_11)
FNDA:0,(anonymous_12)
FNDA:0,(anonymous_13)
FNDA:0,(anonymous_14)
FNDA:0,(anonymous_15)
FNDA:0,(anonymous_16)
FNDA:0,(anonymous_17)
FNDA:0,(anonymous_18)
FNDA:0,(anonymous_19)
FNDA:0,(anonymous_20)
FNDA:0,(anonymous_21)
FNDA:0,(anonymous_22)
FNDA:0,findTextInDocument
FNDA:0,(anonymous_24)
FNDA:0,(anonymous_25)
FNDA:0,(anonymous_26)
FNDA:0,(anonymous_27)
FNDA:0,(anonymous_28)
FNDA:0,(anonymous_29)
FNDA:0,(anonymous_30)
FNDA:0,replaceText
DA:1,0
DA:2,0
DA:3,0
DA:38,0
DA:40,0
DA:44,0
DA:51,0
DA:52,0
DA:55,0
DA:58,0
DA:60,0
DA:61,0
DA:64,0
DA:74,0
DA:78,0
DA:79,0
DA:86,0
DA:90,0
DA:93,0
DA:94,0
DA:98,0
DA:99,0
DA:103,0
DA:104,0
DA:108,0
DA:110,0
DA:111,0
DA:112,0
DA:113,0
DA:117,0
DA:123,0
DA:124,0
DA:127,0
DA:130,0
DA:131,0
DA:132,0
DA:133,0
DA:136,0
DA:138,0
DA:142,0
DA:144,0
DA:145,0
DA:146,0
DA:147,0
DA:151,0
DA:152,0
DA:154,0
DA:160,0
DA:166,0
DA:171,0
DA:175,0
DA:176,0
DA:178,0
DA:179,0
DA:183,0
DA:193,0
DA:194,0
DA:197,0
DA:207,0
DA:208,0
DA:218,0
DA:219,0
DA:220,0
DA:223,0
DA:224,0
DA:225,0
DA:226,0
DA:229,0
DA:232,0
DA:236,0
DA:237,0
DA:239,0
DA:240,0
DA:241,0
DA:243,0
DA:244,0
DA:248,0
DA:254,0
DA:255,0
DA:256,0
DA:259,0
DA:260,0
DA:261,0
DA:262,0
DA:264,0
DA:266,0
DA:267,0
DA:269,0
DA:270,0
DA:272,0
DA:273,0
DA:274,0
DA:275,0
DA:276,0
DA:277,0
DA:279,0
DA:283,0
DA:284,0
DA:288,0
DA:296,0
DA:297,0
DA:299,0
DA:300,0
DA:302,0
DA:303,0
DA:304,0
DA:306,0
DA:307,0
DA:311,0
DA:317,0
DA:321,0
DA:322,0
DA:323,0
DA:325,0
DA:326,0
DA:327,0
DA:328,0
DA:329,0
DA:332,0
DA:337,0
DA:339,0
DA:340,0
DA:342,0
DA:345,0
DA:346,0
DA:353,0
DA:354,0
DA:356,0
DA:357,0
DA:362,0
DA:363,0
LF:131
LH:0
BRDA:51,0,0,0
BRDA:58,1,0,0
BRDA:58,1,1,0
BRDA:60,2,0,0
BRDA:79,3,0,0
BRDA:79,3,1,0
BRDA:111,4,0,0
BRDA:145,5,0,0
BRDA:166,6,0,0
BRDA:166,6,1,0
BRDA:175,7,0,0
BRDA:178,8,0,0
BRDA:219,9,0,0
BRDA:220,10,0,0
BRDA:220,10,1,0
BRDA:225,11,0,0
BRDA:225,11,1,0
BRDA:226,12,0,0
BRDA:226,12,1,0
BRDA:237,13,0,0
BRDA:239,14,0,0
BRDA:239,15,0,0
BRDA:239,15,1,0
BRDA:243,16,0,0
BRDA:254,17,0,0
BRDA:256,18,0,0
BRDA:259,19,0,0
BRDA:259,20,0,0
BRDA:259,20,1,0
BRDA:259,20,2,0
BRDA:264,21,0,0
BRDA:270,22,0,0
BRDA:272,23,0,0
BRDA:272,24,0,0
BRDA:272,24,1,0
BRDA:274,25,0,0
BRDA:274,26,0,0
BRDA:274,26,1,0
BRDA:283,27,0,0
BRDA:296,28,0,0
BRDA:296,29,0,0
BRDA:296,29,1,0
BRDA:300,30,0,0
BRDA:302,31,0,0
BRDA:302,32,0,0
BRDA:302,32,1,0
BRDA:306,33,0,0
BRDA:325,34,0,0
BRF:48
BRH:0
end_of_record
TN:
SF:src/internal/LoadingOverlay.tsx
FN:35,LoadingOverlay
FNF:1
FNH:0
FNDA:0,LoadingOverlay
DA:1,0
DA:2,0
DA:4,0
DA:13,0
DA:26,0
DA:35,0
DA:36,0
LF:7
LH:0
BRF:0
BRH:0
end_of_record
TN:
SF:src/internal/MermaidExtension.tsx
FN:7,MermaidNodeView
FN:11,(anonymous_1)
FN:36,(anonymous_2)
FN:41,(anonymous_3)
FN:93,(anonymous_4)
FN:103,(anonymous_5)
FN:107,(anonymous_6)
FN:108,(anonymous_7)
FN:119,(anonymous_8)
FN:120,(anonymous_9)
FN:132,(anonymous_10)
FN:136,(anonymous_11)
FN:144,(anonymous_12)
FN:153,(anonymous_13)
FN:164,(anonymous_14)
FN:168,(anonymous_15)
FN:171,(anonymous_16)
FN:172,(anonymous_17)
FN:183,insertDiagramAfterText
FN:197,(anonymous_19)
FNF:20
FNH:0
FNDA:0,MermaidNodeView
FNDA:0,(anonymous_1)
FNDA:0,(anonymous_2)
FNDA:0,(anonymous_3)
FNDA:0,(anonymous_4)
FNDA:0,(anonymous_5)
FNDA:0,(anonymous_6)
FNDA:0,(anonymous_7)
FNDA:0,(anonymous_8)
FNDA:0,(anonymous_9)
FNDA:0,(anonymous_10)
FNDA:0,(anonymous_11)
FNDA:0,(anonymous_12)
FNDA:0,(anonymous_13)
FNDA:0,(anonymous_14)
FNDA:0,(anonymous_15)
FNDA:0,(anonymous_16)
FNDA:0,(anonymous_17)
FNDA:0,insertDiagramAfterText
FNDA:0,(anonymous_19)
DA:1,0
DA:2,0
DA:3,0
DA:4,0
DA:8,0
DA:9,0
DA:11,0
DA:12,0
DA:13,0
DA:15,0
DA:32,0
DA:35,0
DA:37,0
DA:38,0
DA:42,0
DA:43,0
DA:44,0
DA:49,0
DA:54,0
DA:90,0
DA:94,0
DA:104,0
DA:107,0
DA:109,0
DA:110,0
DA:112,0
DA:119,0
DA:121,0
DA:122,0
DA:124,0
DA:133,0
DA:137,0
DA:138,0
DA:139,0
DA:145,0
DA:146,0
DA:147,0
DA:154,0
DA:165,0
DA:169,0
DA:172,0
DA:173,0
DA:183,0
DA:189,0
DA:190,0
DA:192,0
DA:193,0
DA:194,0
DA:197,0
DA:198,0
DA:200,0
DA:201,0
DA:202,0
DA:203,0
DA:205,0
DA:207,0
DA:208,0
DA:209,0
DA:210,0
DA:215,0
DA:216,0
DA:217,0
DA:219,0
DA:228,0
DA:229,0
DA:231,0
DA:236,0
DA:238,0
DA:239,0
DA:247,0
DA:248,0
DA:250,0
DA:251,0
LF:73
LH:0
BRDA:12,0,0,0
BRDA:13,1,0,0
BRDA:13,1,1,0
BRDA:13,2,0,0
BRDA:13,2,1,0
BRDA:37,3,0,0
BRDA:43,4,0,0
BRDA:61,5,0,0
BRDA:61,5,1,0
BRDA:109,6,0,0
BRDA:121,7,0,0
BRDA:198,8,0,0
BRDA:200,9,0,0
BRDA:200,10,0,0
BRDA:200,10,1,0
BRDA:205,11,0,0
BRDA:215,12,0,0
BRF:17
BRH:0
end_of_record
TN:
SF:src/internal/StrikethroughExtension.tsx
FN:47,(anonymous_0)
FN:53,(anonymous_1)
FN:57,(anonymous_2)
FN:58,(anonymous_3)
FN:64,(anonymous_4)
FN:65,(anonymous_5)
FN:72,(anonymous_6)
FN:76,(anonymous_7)
FN:87,(anonymous_8)
FN:102,(anonymous_9)
FN:105,(anonymous_10)
FN:106,(anonymous_11)
FN:127,(anonymous_12)
FN:160,(anonymous_13)
FN:161,(anonymous_14)
FN:168,(anonymous_15)
FN:181,(anonymous_16)
FN:182,(anonymous_17)
FN:205,(anonymous_18)
FN:210,(anonymous_19)
FN:217,(anonymous_20)
FN:235,(anonymous_21)
FN:267,(anonymous_22)
FNF:23
FNH:0
FNDA:0,(anonymous_0)
FNDA:0,(anonymous_1)
FNDA:0,(anonymous_2)
FNDA:0,(anonymous_3)
FNDA:0,(anonymous_4)
FNDA:0,(anonymous_5)
FNDA:0,(anonymous_6)
FNDA:0,(anonymous_7)
FNDA:0,(anonymous_8)
FNDA:0,(anonymous_9)
FNDA:0,(anonymous_10)
FNDA:0,(anonymous_11)
FNDA:0,(anonymous_12)
FNDA:0,(anonymous_13)
FNDA:0,(anonymous_14)
FNDA:0,(anonymous_15)
FNDA:0,(anonymous_16)
FNDA:0,(anonymous_17)
FNDA:0,(anonymous_18)
FNDA:0,(anonymous_19)
FNDA:0,(anonymous_20)
FNDA:0,(anonymous_21)
FNDA:0,(anonymous_22)
DA:1,0
DA:2,0
DA:3,0
DA:42,0
DA:44,0
DA:48,0
DA:54,0
DA:57,0
DA:58,0
DA:64,0
DA:65,0
DA:73,0
DA:77,0
DA:78,0
DA:88,0
DA:103,0
DA:106,0
DA:107,0
DA:108,0
DA:110,0
DA:113,0
DA:114,0
DA:115,0
DA:116,0
DA:120,0
DA:127,0
DA:128,0
DA:129,0
DA:130,0
DA:131,0
DA:132,0
DA:136,0
DA:137,0
DA:142,0
DA:148,0
DA:153,0
DA:155,0
DA:156,0
DA:161,0
DA:162,0
DA:163,0
DA:165,0
DA:168,0
DA:169,0
DA:171,0
DA:173,0
DA:176,0
DA:177,0
DA:182,0
DA:183,0
DA:184,0
DA:186,0
DA:187,0
DA:189,0
DA:192,0
DA:193,0
DA:195,0
DA:199,0
DA:200,0
DA:206,0
DA:211,0
DA:212,0
DA:218,0
DA:220,0
DA:221,0
DA:223,0
DA:224,0
DA:230,0
DA:232,0
DA:233,0
DA:235,0
DA:236,0
DA:237,0
DA:238,0
DA:242,0
DA:244,0
DA:250,0
DA:251,0
DA:259,0
DA:260,0
DA:268,0
DA:269,0
DA:278,0
DA:279,0
LF:84
LH:0
BRDA:79,0,0,0
BRDA:79,0,1,0
BRDA:80,1,0,0
BRDA:80,1,1,0
BRDA:108,2,0,0
BRDA:114,3,0,0
BRDA:130,4,0,0
BRDA:163,5,0,0
BRDA:184,6,0,0
BRDA:187,7,0,0
BRDA:220,8,0,0
BRDA:221,9,0,0
BRDA:221,9,1,0
BRDA:221,9,2,0
BRDA:226,10,0,0
BRDA:226,10,1,0
BRDA:237,11,0,0
BRDA:237,12,0,0
BRDA:237,12,1,0
BRDA:269,13,0,0
BRDA:269,13,1,0
BRF:21
BRH:0
end_of_record
TN:
SF:src/services/suggestionManager.ts
FN:64,(anonymous_0)
FN:73,(anonymous_1)
FN:76,(anonymous_2)
FN:92,(anonymous_3)
FN:127,(anonymous_4)
FN:140,(anonymous_5)
FN:227,(anonymous_6)
FN:234,(anonymous_7)
FN:258,(anonymous_8)
FN:265,(anonymous_9)
FN:266,(anonymous_10)
FN:272,(anonymous_11)
FN:273,(anonymous_12)
FN:279,(anonymous_13)
FN:286,(anonymous_14)
FN:297,(anonymous_15)
FN:307,(anonymous_16)
FN:315,(anonymous_17)
FN:327,(anonymous_18)
FN:337,(anonymous_19)
FN:338,(anonymous_20)
FN:339,(anonymous_21)
FN:347,(anonymous_22)
FN:351,(anonymous_23)
FN:369,(anonymous_24)
FNF:25
FNH:0
FNDA:0,(anonymous_0)
FNDA:0,(anonymous_1)
FNDA:0,(anonymous_2)
FNDA:0,(anonymous_3)
FNDA:0,(anonymous_4)
FNDA:0,(anonymous_5)
FNDA:0,(anonymous_6)
FNDA:0,(anonymous_7)
FNDA:0,(anonymous_8)
FNDA:0,(anonymous_9)
FNDA:0,(anonymous_10)
FNDA:0,(anonymous_11)
FNDA:0,(anonymous_12)
FNDA:0,(anonymous_13)
FNDA:0,(anonymous_14)
FNDA:0,(anonymous_15)
FNDA:0,(anonymous_16)
FNDA:0,(anonymous_17)
FNDA:0,(anonymous_18)
FNDA:0,(anonymous_19)
FNDA:0,(anonymous_20)
FNDA:0,(anonymous_21)
FNDA:0,(anonymous_22)
FNDA:0,(anonymous_23)
FNDA:0,(anonymous_24)
DA:3,0
DA:15,0
DA:57,0
DA:58,0
DA:59,0
DA:60,0
DA:61,0
DA:62,0
DA:65,0
DA:66,0
DA:67,0
DA:74,0
DA:76,0
DA:77,0
DA:78,0
DA:79,0
DA:80,0
DA:82,0
DA:86,0
DA:94,0
DA:97,0
DA:100,0
DA:101,0
DA:104,0
DA:113,0
DA:128,0
DA:129,0
DA:131,0
DA:141,0
DA:143,0
DA:144,0
DA:145,0
DA:148,0
DA:149,0
DA:152,0
DA:154,0
DA:157,0
DA:163,0
DA:164,0
DA:165,0
DA:169,0
DA:170,0
DA:171,0
DA:175,0
DA:176,0
DA:177,0
DA:180,0
DA:195,0
DA:198,0
DA:201,0
DA:202,0
DA:203,0
DA:204,0
DA:206,0
DA:208,0
DA:216,0
DA:217,0
DA:232,0
DA:234,0
DA:235,0
DA:236,0
DA:240,0
DA:241,0
DA:242,0
DA:243,0
DA:247,0
DA:248,0
DA:251,0
DA:259,0
DA:266,0
DA:273,0
DA:280,0
DA:287,0
DA:288,0
DA:289,0
DA:290,0
DA:298,0
DA:299,0
DA:301,0
DA:308,0
DA:309,0
DA:316,0
DA:317,0
DA:318,0
DA:319,0
DA:320,0
DA:321,0
DA:334,0
DA:335,0
DA:337,0
DA:338,0
DA:339,0
DA:348,0
DA:351,0
DA:356,0
DA:357,0
DA:358,0
DA:359,0
DA:362,0
DA:363,0
DA:369,0
DA:370,0
DA:371,0
DA:372,0
DA:376,0
LF:105
LH:0
BRDA:105,0,0,0
BRDA:105,0,1,0
BRDA:106,1,0,0
BRDA:106,1,1,0
BRDA:129,2,0,0
BRDA:144,3,0,0
BRDA:148,4,0,0
BRDA:163,5,0,0
BRDA:169,6,0,0
BRDA:219,7,0,0
BRDA:219,7,1,0
BRDA:235,8,0,0
BRDA:235,9,0,0
BRDA:235,9,1,0
BRDA:241,10,0,0
BRDA:247,11,0,0
BRDA:288,12,0,0
BRDA:299,13,0,0
BRDA:299,14,0,0
BRDA:299,14,1,0
BRDA:362,15,0,0
BRDA:362,16,0,0
BRDA:362,16,1,0
BRDA:371,17,0,0
BRDA:371,18,0,0
BRDA:371,18,1,0
BRF:26
BRH:0
end_of_record
TN:
SF:src/utils/positionTracker.ts
FN:43,(anonymous_0)
FN:48,(anonymous_1)
FN:64,(anonymous_2)
FN:88,(anonymous_3)
FN:89,(anonymous_4)
FN:98,(anonymous_5)
FN:107,(anonymous_6)
FN:127,createContextAnchor
FN:149,findByContextAnchor
FN:196,findByParagraphAndSentence
FN:232,findByFuzzyMatch
FN:261,calculateSimilarity
FN:272,levenshteinDistance
FN:276,(anonymous_13)
FN:303,calculateParagraphIndex
FN:314,calculateSentenceIndex
FN:334,calculateHash
FN:347,createFingerprint
FN:360,verifyPosition
FN:382,findTextWithFallback
FN:389,(anonymous_20)
FN:392,(anonymous_21)
FN:400,(anonymous_22)
FN:403,(anonymous_23)
FNF:24
FNH:0
FNDA:0,(anonymous_0)
FNDA:0,(anonymous_1)
FNDA:0,(anonymous_2)
FNDA:0,(anonymous_3)
FNDA:0,(anonymous_4)
FNDA:0,(anonymous_5)
FNDA:0,(anonymous_6)
FNDA:0,createContextAnchor
FNDA:0,findByContextAnchor
FNDA:0,findByParagraphAndSentence
FNDA:0,findByFuzzyMatch
FNDA:0,calculateSimilarity
FNDA:0,levenshteinDistance
FNDA:0,(anonymous_13)
FNDA:0,calculateParagraphIndex
FNDA:0,calculateSentenceIndex
FNDA:0,calculateHash
FNDA:0,createFingerprint
FNDA:0,verifyPosition
FNDA:0,findTextWithFallback
FNDA:0,(anonymous_20)
FNDA:0,(anonymous_21)
FNDA:0,(anonymous_22)
FNDA:0,(anonymous_23)
DA:39,0
DA:40,0
DA:41,0
DA:49,0
DA:57,0
DA:58,0
DA:65,0
DA:68,0
DA:69,0
DA:71,0
DA:72,0
DA:74,0
DA:76,0
DA:77,0
DA:78,0
DA:82,0
DA:89,0
DA:99,0
DA:100,0
DA:101,0
DA:108,0
DA:127,0
DA:128,0
DA:129,0
DA:132,0
DA:133,0
DA:135,0
DA:136,0
DA:138,0
DA:149,0
DA:153,0
DA:156,0
DA:157,0
DA:159,0
DA:160,0
DA:161,0
DA:168,0
DA:169,0
DA:170,0
DA:172,0
DA:173,0
DA:174,0
DA:175,0
DA:182,0
DA:183,0
DA:184,0
DA:190,0
DA:196,0
DA:202,0
DA:204,0
DA:206,0
DA:207,0
DA:209,0
DA:211,0
DA:212,0
DA:213,0
DA:215,0
DA:217,0
DA:218,0
DA:220,0
DA:222,0
DA:223,0
DA:232,0
DA:237,0
DA:238,0
DA:240,0
DA:243,0
DA:244,0
DA:245,0
DA:247,0
DA:248,0
DA:255,0
DA:262,0
DA:263,0
DA:265,0
DA:266,0
DA:273,0
DA:274,0
DA:276,0
DA:279,0
DA:280,0
DA:283,0
DA:284,0
DA:285,0
DA:286,0
DA:288,0
DA:297,0
DA:303,0
DA:304,0
DA:305,0
DA:307,0
DA:308,0
DA:314,0
DA:315,0
DA:316,0
DA:318,0
DA:319,0
DA:320,0
DA:322,0
DA:323,0
DA:324,0
DA:328,0
DA:335,0
DA:336,0
DA:337,0
DA:338,0
DA:339,0
DA:341,0
DA:347,0
DA:349,0
DA:350,0
DA:351,0
DA:352,0
DA:354,0
DA:360,0
DA:366,0
DA:367,0
DA:370,0
DA:371,0
DA:376,0
DA:382,0
DA:387,0
DA:389,0
DA:392,0
DA:400,0
DA:404,0
DA:405,0
DA:409,0
DA:410,0
DA:411,0
DA:412,0
DA:413,0
DA:416,0
DA:417,0
DA:421,0
DA:422,0
LF:136
LH:0
BRDA:69,0,0,0
BRDA:69,0,1,0
BRDA:72,1,0,0
BRDA:129,2,0,0
BRDA:153,3,0,0
BRDA:159,4,0,0
BRDA:173,5,0,0
BRDA:183,6,0,0
BRDA:204,7,0,0
BRDA:209,8,0,0
BRDA:215,9,0,0
BRDA:215,10,0,0
BRDA:215,10,1,0
BRDA:220,11,0,0
BRDA:235,12,0,0
BRDA:247,13,0,0
BRDA:247,14,0,0
BRDA:247,14,1,0
BRDA:247,14,2,0
BRDA:255,15,0,0
BRDA:255,15,1,0
BRDA:263,16,0,0
BRDA:285,17,0,0
BRDA:285,17,1,0
BRDA:305,18,0,0
BRDA:316,19,0,0
BRDA:323,20,0,0
BRDA:364,21,0,0
BRDA:366,22,0,0
BRDA:366,23,0,0
BRDA:366,23,1,0
BRDA:389,24,0,0
BRDA:389,24,1,0
BRDA:392,25,0,0
BRDA:392,25,1,0
BRDA:405,26,0,0
BRDA:405,26,1,0
BRDA:412,27,0,0
BRDA:412,28,0,0
BRDA:412,28,1,0
BRF:40
BRH:0
end_of_record
TN:
SF:src/utils/suggestionMerging.ts
FN:33,rangesOverlap
FN:40,calculateTextSimilarity
FN:41,(anonymous_2)
FN:53,(anonymous_3)
FN:62,getSeverityPriority
FN:74,getHighestSeverity
FN:89,findTextRange
FN:106,mergeSuggestions
FN:137,(anonymous_8)
FN:169,(anonymous_9)
FN:170,(anonymous_10)
FN:171,(anonymous_11)
FN:172,(anonymous_12)
FN:173,(anonymous_13)
FN:176,(anonymous_14)
FN:185,(anonymous_15)
FN:190,(anonymous_16)
FN:205,shouldMergeSuggestions
FN:231,getMergedReplacement
FN:238,(anonymous_19)
FNF:20
FNH:2
FNDA:0,rangesOverlap
FNDA:0,calculateTextSimilarity
FNDA:0,(anonymous_2)
FNDA:0,(anonymous_3)
FNDA:0,getSeverityPriority
FNDA:0,getHighestSeverity
FNDA:12,findTextRange
FNDA:14,mergeSuggestions
FNDA:0,(anonymous_8)
FNDA:0,(anonymous_9)
FNDA:0,(anonymous_10)
FNDA:0,(anonymous_11)
FNDA:0,(anonymous_12)
FNDA:0,(anonymous_13)
FNDA:0,(anonymous_14)
FNDA:0,(anonymous_15)
FNDA:0,(anonymous_16)
FNDA:0,shouldMergeSuggestions
FNDA:0,getMergedReplacement
FNDA:0,(anonymous_19)
DA:34,0
DA:41,0
DA:42,0
DA:43,0
DA:45,0
DA:48,0
DA:51,0
DA:52,0
DA:53,0
DA:54,0
DA:56,0
DA:63,0
DA:64,0
DA:65,0
DA:66,0
DA:67,0
DA:75,0
DA:76,0
DA:78,0
DA:79,0
DA:80,0
DA:81,0
DA:82,0
DA:90,12
DA:91,0
DA:93,0
DA:94,0
DA:96,0
DA:106,1
DA:111,14
DA:113,13
DA:114,13
DA:116,13
DA:117,12
DA:120,12
DA:121,0
DA:122,0
DA:124,0
DA:132,0
DA:133,0
DA:137,0
DA:138,0
DA:139,0
DA:142,0
DA:143,0
DA:146,0
DA:147,0
DA:152,0
DA:155,0
DA:157,0
DA:165,0
DA:168,0
DA:169,0
DA:170,0
DA:171,0
DA:172,0
DA:173,0
DA:176,0
DA:179,0
DA:185,0
DA:190,0
DA:193,0
DA:194,0
DA:198,1
DA:199,1
DA:205,1
DA:211,0
DA:212,0
DA:214,0
DA:217,0
DA:220,0
DA:225,0
DA:231,1
DA:234,0
DA:235,0
DA:238,0
DA:239,0
DA:240,0
DA:241,0
DA:245,0
LF:80
LH:12
BRDA:34,0,0,0
BRDA:34,0,1,0
BRDA:45,1,0,0
BRDA:48,2,0,0
BRDA:48,3,0,0
BRDA:48,3,1,0
BRDA:63,4,0,0
BRDA:63,4,1,0
BRDA:63,4,2,0
BRDA:63,4,3,0
BRDA:78,5,0,0
BRDA:78,5,1,0
BRDA:78,5,2,0
BRDA:78,5,3,0
BRDA:94,6,0,0
BRDA:109,7,0,14
BRDA:117,8,0,0
BRDA:121,9,0,0
BRDA:138,10,0,0
BRDA:138,11,0,0
BRDA:138,11,1,0
BRDA:143,12,0,0
BRDA:152,13,0,0
BRDA:152,13,1,0
BRDA:155,14,0,0
BRDA:155,14,1,0
BRDA:209,15,0,0
BRDA:214,16,0,0
BRDA:214,17,0,0
BRDA:214,17,1,0
BRDA:217,18,0,0
BRDA:234,19,0,0
BRDA:235,20,0,0
BRDA:240,21,0,0
BRF:34
BRH:1
end_of_record
TN:
SF:src/utils/wordLevelDiff.ts
FN:27,tokenize
FN:50,extractWords
FN:51,(anonymous_2)
FN:51,(anonymous_3)
FN:59,calculateSimpleWordDiff
FN:96,(anonymous_5)
FN:104,(anonymous_6)
FN:130,calculateWordDiff
FN:149,(anonymous_8)
FN:164,generateStrikethroughPreview
FN:171,(anonymous_10)
FN:237,(anonymous_12)
FN:244,(anonymous_13)
FN:281,findWordPositions
FN:315,optimizeDiff
FN:345,(anonymous_16)
FNF:16
FNH:0
FNDA:0,tokenize
FNDA:0,extractWords
FNDA:0,(anonymous_2)
FNDA:0,(anonymous_3)
FNDA:0,calculateSimpleWordDiff
FNDA:0,(anonymous_5)
FNDA:0,(anonymous_6)
FNDA:0,calculateWordDiff
FNDA:0,(anonymous_8)
FNDA:0,generateStrikethroughPreview
FNDA:0,(anonymous_10)
FNDA:0,(anonymous_12)
FNDA:0,(anonymous_13)
FNDA:0,findWordPositions
FNDA:0,optimizeDiff
FNDA:0,(anonymous_16)
DA:28,0
DA:29,0
DA:32,0
DA:33,0
DA:34,0
DA:36,0
DA:44,0
DA:51,0
DA:60,0
DA:63,0
DA:64,0
DA:67,0
DA:70,0
DA:74,0
DA:78,0
DA:82,0
DA:83,0
DA:92,0
DA:93,0
DA:96,0
DA:97,0
DA:104,0
DA:105,0
DA:113,0
DA:114,0
DA:115,0
DA:116,0
DA:124,0
DA:130,1
DA:137,0
DA:138,0
DA:141,0
DA:142,0
DA:148,0
DA:149,0
DA:153,0
DA:164,1
DA:165,0
DA:166,0
DA:169,0
DA:171,0
DA:172,0
DA:174,0
DA:175,0
DA:178,0
DA:179,0
DA:182,0
DA:183,0
DA:186,0
DA:187,0
DA:191,0
DA:197,1
DA:201,0
DA:202,0
DA:205,0
DA:208,0
DA:209,0
DA:210,0
DA:212,0
DA:214,0
DA:215,0
DA:216,0
DA:217,0
DA:221,0
DA:222,0
DA:223,0
DA:224,0
DA:225,0
DA:229,0
DA:230,0
DA:231,0
DA:232,0
DA:236,0
DA:237,0
DA:238,0
DA:240,0
DA:243,0
DA:244,0
DA:245,0
DA:247,0
DA:250,0
DA:251,0
DA:255,0
DA:256,0
DA:257,0
DA:258,0
DA:261,0
DA:262,0
DA:263,0
DA:266,0
DA:267,0
DA:270,0
DA:271,0
DA:275,0
DA:281,1
DA:285,0
DA:286,0
DA:288,0
DA:290,0
DA:291,0
DA:293,0
DA:294,0
DA:295,0
DA:296,0
DA:302,0
DA:303,0
DA:309,0
DA:315,1
DA:316,0
DA:317,0
DA:319,0
DA:320,0
DA:323,0
DA:328,0
DA:329,0
DA:335,0
DA:337,0
DA:338,0
DA:342,0
DA:345,0
LF:120
LH:5
BRDA:34,0,0,0
BRDA:34,0,1,0
BRDA:67,1,0,0
BRDA:67,1,1,0
BRDA:67,1,2,0
BRDA:74,2,0,0
BRDA:74,2,1,0
BRDA:74,2,2,0
BRDA:165,3,0,0
BRDA:172,4,0,0
BRDA:172,4,1,0
BRDA:172,4,2,0
BRDA:172,4,3,0
BRDA:174,5,0,0
BRDA:174,5,1,0
BRDA:174,5,2,0
BRDA:199,6,0,0
BRDA:201,7,0,0
BRDA:212,8,0,0
BRDA:212,8,1,0
BRDA:212,8,2,0
BRDA:212,8,3,0
BRDA:212,8,4,0
BRDA:214,9,0,0
BRDA:214,9,1,0
BRDA:214,9,2,0
BRDA:223,10,0,0
BRDA:223,10,1,0
BRDA:224,11,0,0
BRDA:224,11,1,0
BRDA:230,12,0,0
BRDA:230,12,1,0
BRDA:231,13,0,0
BRDA:231,13,1,0
BRDA:236,14,0,0
BRDA:243,15,0,0
BRDA:255,16,0,0
BRDA:255,16,1,0
BRDA:261,17,0,0
BRDA:261,17,1,0
BRDA:262,18,0,0
BRDA:262,18,1,0
BRDA:291,19,0,0
BRDA:291,20,0,0
BRDA:291,20,1,0
BRDA:295,21,0,0
BRDA:295,22,0,0
BRDA:295,22,1,0
BRDA:295,23,0,0
BRDA:295,23,1,0
BRDA:300,24,0,0
BRDA:300,24,1,0
BRDA:323,25,0,0
BRDA:323,25,1,0
BRDA:324,26,0,0
BRDA:324,26,1,0
BRDA:324,26,2,0
BRF:57
BRH:0
end_of_record
